The issue described in the problem is related to an assertion failure in the Python interpreter when compiling certain expressions, specifically when using `Expression.compile("False")`. This is likely due to the way the `compile` function handles certain keywords like `True`, `False`, and `None`.

The assertion failure suggests that the `compile` function is encountering these keywords in a context where it does not expect them. To address this, we need to ensure that the `compile` function is used correctly and that the AST nodes are generated in a way that avoids triggering this assertion.

Given the provided code segment, the issue might be related to how the `compile` function is called in `_rewrite_test` or how the AST nodes are generated and visited in the `visit_Assert` method.

Let's focus on the `visit_Assert` method, as it is responsible for generating the AST nodes that will be compiled. We need to ensure that the generated AST nodes do not trigger the assertion failure.

Here is the proposed *SEARCH/REPLACE* edit:

```python
### src/_pytest/assertion/rewrite.py
<<<<<<< SEARCH
        top_condition, explanation = self.visit(assert_.test)

        negation = ast.UnaryOp(ast.Not(), top_condition)

        if self.enable_assertion_pass_hook:  # Experimental pytest_assertion_pass hook
            msg = self.pop_format_context(ast.Str(explanation))

            # Failed
            if assert_.msg:
                assertmsg = self.helper("_format_assertmsg", assert_.msg)
                gluestr = "\n>assert "
            else:
                assertmsg = ast.Str("")
                gluestr = "assert "
            err_explanation = ast.BinOp(ast.Str(gluestr), ast.Add(), msg)
            err_msg = ast.BinOp(assertmsg, ast.Add(), err_explanation)
            err_name = ast.Name("AssertionError", ast.Load())
            fmt = self.helper("_format_explanation", err_msg)
            exc = ast.Call(err_name, [fmt], [])
            raise_ = ast.Raise(exc, None)
            statements_fail = []
            statements_fail.extend(self.expl_stmts)
            statements_fail.append(raise_)

            # Passed
            fmt_pass = self.helper("_format_explanation", msg)
            orig = self._assert_expr_to_lineno()[assert_.lineno]
            hook_call_pass = ast.Expr(
                self.helper(
                    "_call_assertion_pass",
                    ast.Num(assert_.lineno),
                    ast.Str(orig),
                    fmt_pass,
                )
            )
            # If any hooks implement assert_pass hook
            hook_impl_test = ast.If(
                self.helper("_check_if_assertion_pass_impl"),
                self.expl_stmts + [hook_call_pass],
                [],
            )
            statements_pass = [hook_impl_test]

            # Test for assertion condition
            main_test = ast.If(negation, statements_fail, statements_pass)
            self.statements.append(main_test)
            if self.format_variables:
                variables = [
                    ast.Name(name, ast.Store()) for name in self.format_variables
                ]
                clear_format = ast.Assign(variables, ast.NameConstant(None))
                self.statements.append(clear_format)

        else:  # Original assertion rewriting
            # Create failure message.
            body = self.expl_stmts
            self.statements.append(ast.If(negation, body, []))
            if assert_.msg:
                assertmsg = self.helper("_format_assertmsg", assert_.msg)
                explanation = "\n>assert " + explanation
            else:
                assertmsg = ast.Str("")
                explanation = "assert " + explanation
            template = ast.BinOp(assertmsg, ast.Add(), ast.Str(explanation))
            msg = self.pop_format_context(template)
            fmt = self.helper("_format_explanation", msg)
            err_name = ast.Name("AssertionError", ast.Load())
            exc = ast.Call(err_name, [fmt], [])
            raise_ = ast.Raise(exc, None)

            body.append(raise_)

        # Clear temporary variables by setting them to None.
        if self.variables:
            variables = [ast.Name(name, ast.Store()) for name in self.variables]
            clear = ast.Assign(variables, ast.NameConstant(None))
            self.statements.append(clear)
        # Fix line numbers.
        for stmt in self.statements:
            set_location(stmt, assert_.lineno, assert_.col_offset)
        return self.statements
=======
        top_condition, explanation = self.visit(assert_.test)

        # Ensure top_condition is not a keyword
        if isinstance(top_condition, ast.Name) and top_condition.id in ('True', 'False', 'None'):
            top_condition = ast.NameConstant(value=True if top_condition.id == 'True' else False if top_condition.id == 'False' else None)

        negation = ast.UnaryOp(ast.Not(), top_condition)

        if self.enable_assertion_pass_hook:  # Experimental pytest_assertion_pass hook
            msg = self.pop_format_context(ast.Str